<?xml version="1.0" encoding="UTF-8"?>
<testng-results ignored="0" total="1" passed="1" failed="0" skipped="0">
  <reporter-output>
  </reporter-output>
  <suite started-at="2022-10-19T11:12:03 IST" name="Default suite" finished-at="2022-10-19T11:12:18 IST" duration-ms="14590">
    <groups>
    </groups>
    <test started-at="2022-10-19T11:12:03 IST" name="Default test" finished-at="2022-10-19T11:12:18 IST" duration-ms="14590">
      <class name="com.test.UserRegisterTest">
        <test-method is-config="true" signature="launchBrowser()[pri:0, instance:com.test.UserRegisterTest@209da20d]" started-at="2022-10-19T11:12:03 IST" name="launchBrowser" finished-at="2022-10-19T11:12:10 IST" duration-ms="6671" status="PASS">
          <reporter-output>
          </reporter-output>
        </test-method> <!-- launchBrowser -->
        <test-method signature="userRegister()[pri:1, instance:com.test.UserRegisterTest@209da20d]" started-at="2022-10-19T11:12:10 IST" name="userRegister" finished-at="2022-10-19T11:12:18 IST" duration-ms="7864" status="PASS">
          <reporter-output>
          </reporter-output>
        </test-method> <!-- userRegister -->
      </class> <!-- com.test.UserRegisterTest -->
    </test> <!-- Default test -->
  </suite> <!-- Default suite -->
</testng-results>
