<?xml version="1.0" encoding="UTF-8"?>
<!-- Generated by org.testng.reporters.JUnitXMLReporter -->
<testsuite ignored="0" hostname="DESKTOP-FVSLPKP" failures="0" tests="6" name="Default test" time="12.126" errors="0" timestamp="2022-10-18T23:20:52 IST">
  <testcase classname="com.test.NewTest" name="login_Pass" time="0.754"/>
  <testcase classname="com.test.NewTest" name="checkbookRequests" time="0.526"/>
  <testcase classname="com.test.NewTest" name="transactionHistory" time="0.585"/>
  <testcase classname="com.test.NewTest" name="transferHistory" time="0.592"/>
  <testcase classname="com.test.NewTest" name="authorization" time="0.513"/>
  <testcase classname="com.test.NewTest" name="loanRequests" time="1.167"/>
</testsuite> <!-- Default test -->
