<?xml version="1.0" encoding="UTF-8"?>
<!-- Generated by org.testng.reporters.JUnitXMLReporter -->
<testsuite ignored="0" hostname="DESKTOP-FVSLPKP" failures="0" tests="8" name="Default test" time="22.094" errors="0" timestamp="2022-10-20T14:06:47 IST">
  <testcase classname="com.test.NewTest" name="login_Pass" time="9.812"/>
  <testcase classname="com.test.NewTest" name="userAccountInfo" time="0.881"/>
  <testcase classname="com.test.NewTest" name="checkbookRequests" time="1.038"/>
  <testcase classname="com.test.NewTest" name="transactionHistory" time="0.789"/>
  <testcase classname="com.test.NewTest" name="authorization" time="0.73"/>
  <testcase classname="com.test.NewTest" name="transferHistory" time="0.836"/>
  <testcase classname="com.test.NewTest" name="loanRequests" time="0.836"/>
  <testcase classname="com.test.NewTest" name="logout" time="0.241"/>
</testsuite> <!-- Default test -->
